<?xml version="1.0" encoding="UTF-8"?>
<coverage generated="1704384381916" clover="3.2.0">
  <project timestamp="1704384381916" name="All files">
    <metrics statements="20" coveredstatements="17" conditionals="2" coveredconditionals="1" methods="11" coveredmethods="8" elements="33" coveredelements="26" complexity="0" loc="20" ncloc="20" packages="2" files="3" classes="3"/>
    <package name="nba-project">
      <metrics statements="7" coveredstatements="7" conditionals="2" coveredconditionals="1" methods="3" coveredmethods="3"/>
      <file name="link.js" path="C:\React\nba-project\link.js">
        <metrics statements="7" coveredstatements="7" conditionals="2" coveredconditionals="1" methods="3" coveredmethods="3"/>
        <line num="3" count="1" type="stmt"/>
        <line num="9" count="3" type="stmt"/>
        <line num="11" count="3" type="stmt"/>
        <line num="12" count="1" type="stmt"/>
        <line num="15" count="3" type="stmt"/>
        <line num="16" count="1" type="stmt"/>
        <line num="19" count="3" type="stmt"/>
      </file>
    </package>
    <package name="nba-project.src">
      <metrics statements="13" coveredstatements="10" conditionals="0" coveredconditionals="0" methods="8" coveredmethods="5"/>
      <file name="Addition.js" path="C:\React\nba-project\src\Addition.js">
        <metrics statements="1" coveredstatements="1" conditionals="0" coveredconditionals="0" methods="1" coveredmethods="1"/>
        <line num="23" count="1" type="stmt"/>
      </file>
      <file name="App.tsx" path="C:\React\nba-project\src\App.tsx">
        <metrics statements="12" coveredstatements="9" conditionals="0" coveredconditionals="0" methods="7" coveredmethods="4"/>
        <line num="22" count="2" type="stmt"/>
        <line num="23" count="1" type="stmt"/>
        <line num="29" count="1" type="stmt"/>
        <line num="30" count="1" type="stmt"/>
        <line num="31" count="1" type="stmt"/>
        <line num="32" count="1" type="stmt"/>
        <line num="37" count="1" type="stmt"/>
        <line num="38" count="0" type="stmt"/>
        <line num="41" count="1" type="stmt"/>
        <line num="42" count="0" type="stmt"/>
        <line num="45" count="1" type="stmt"/>
        <line num="73" count="0" type="stmt"/>
      </file>
    </package>
  </project>
</coverage>
