{"C:\\React\\nba-project\\link.js": {"path":"C:\\React\\nba-project\\link.js","statementMap":{"0":{"start":{"line":3,"column":15},"end":{"line":6,"column":1}},"1":{"start":{"line":9,"column":30},"end":{"line":9,"column":53}},"2":{"start":{"line":11,"column":23},"end":{"line":13,"column":3}},"3":{"start":{"line":12,"column":4},"end":{"line":12,"column":30}},"4":{"start":{"line":15,"column":23},"end":{"line":17,"column":3}},"5":{"start":{"line":16,"column":4},"end":{"line":16,"column":29}},"6":{"start":{"line":19,"column":2},"end":{"line":28,"column":4}}},"fnMap":{"0":{"name":"Link","decl":{"start":{"line":8,"column":24},"end":{"line":8,"column":28}},"loc":{"start":{"line":8,"column":47},"end":{"line":29,"column":1}},"line":8},"1":{"name":"(anonymous_1)","decl":{"start":{"line":11,"column":23},"end":{"line":11,"column":24}},"loc":{"start":{"line":11,"column":29},"end":{"line":13,"column":3}},"line":11},"2":{"name":"(anonymous_2)","decl":{"start":{"line":15,"column":23},"end":{"line":15,"column":24}},"loc":{"start":{"line":15,"column":29},"end":{"line":17,"column":3}},"line":15}},"branchMap":{"0":{"loc":{"start":{"line":22,"column":12},"end":{"line":22,"column":23}},"type":"binary-expr","locations":[{"start":{"line":22,"column":12},"end":{"line":22,"column":16}},{"start":{"line":22,"column":20},"end":{"line":22,"column":23}}],"line":22}},"s":{"0":1,"1":3,"2":3,"3":1,"4":3,"5":1,"6":3},"f":{"0":3,"1":1,"2":1},"b":{"0":[3,0]},"_coverageSchema":"1a1c01bbd47fc00a2c39e90264f33305004495a9","hash":"2aaf6e8e651f07c70c74ee0fc5d25b567d2fc4ba"}
,"C:\\React\\nba-project\\src\\App.tsx": {"path":"C:\\React\\nba-project\\src\\App.tsx","statementMap":{"0":{"start":{"line":21,"column":32},"end":{"line":21,"column":54}},"1":{"start":{"line":22,"column":40},"end":{"line":22,"column":60}},"2":{"start":{"line":26,"column":2},"end":{"line":30,"column":9}},"3":{"start":{"line":27,"column":4},"end":{"line":29,"column":45}},"4":{"start":{"line":28,"column":21},"end":{"line":28,"column":31}},"5":{"start":{"line":29,"column":22},"end":{"line":29,"column":43}},"6":{"start":{"line":34,"column":34},"end":{"line":36,"column":3}},"7":{"start":{"line":35,"column":4},"end":{"line":35,"column":35}},"8":{"start":{"line":38,"column":26},"end":{"line":40,"column":3}},"9":{"start":{"line":39,"column":4},"end":{"line":39,"column":96}},"10":{"start":{"line":42,"column":2},"end":{"line":112,"column":4}},"11":{"start":{"line":70,"column":8},"end":{"line":108,"column":14}}},"fnMap":{"0":{"name":"App","decl":{"start":{"line":20,"column":9},"end":{"line":20,"column":12}},"loc":{"start":{"line":20,"column":28},"end":{"line":113,"column":1}},"line":20},"1":{"name":"(anonymous_1)","decl":{"start":{"line":26,"column":12},"end":{"line":26,"column":13}},"loc":{"start":{"line":26,"column":18},"end":{"line":30,"column":3}},"line":26},"2":{"name":"(anonymous_2)","decl":{"start":{"line":28,"column":12},"end":{"line":28,"column":13}},"loc":{"start":{"line":28,"column":21},"end":{"line":28,"column":31}},"line":28},"3":{"name":"(anonymous_3)","decl":{"start":{"line":29,"column":12},"end":{"line":29,"column":13}},"loc":{"start":{"line":29,"column":22},"end":{"line":29,"column":43}},"line":29},"4":{"name":"(anonymous_4)","decl":{"start":{"line":34,"column":34},"end":{"line":34,"column":35}},"loc":{"start":{"line":34,"column":78},"end":{"line":36,"column":3}},"line":34},"5":{"name":"(anonymous_5)","decl":{"start":{"line":38,"column":41},"end":{"line":38,"column":42}},"loc":{"start":{"line":39,"column":4},"end":{"line":39,"column":96}},"line":39},"6":{"name":"(anonymous_6)","decl":{"start":{"line":69,"column":27},"end":{"line":69,"column":28}},"loc":{"start":{"line":70,"column":8},"end":{"line":108,"column":14}},"line":70}},"branchMap":{},"s":{"0":2,"1":1,"2":1,"3":1,"4":0,"5":0,"6":1,"7":0,"8":1,"9":0,"10":1,"11":0},"f":{"0":2,"1":1,"2":0,"3":0,"4":0,"5":0,"6":0},"b":{},"_coverageSchema":"1a1c01bbd47fc00a2c39e90264f33305004495a9","hash":"418a08581f81238c6c4c53c8c5e8f4af77ae2f09"}
}
