TN:
SF:link.js
FN:8,Link
FN:11,(anonymous_1)
FN:15,(anonymous_2)
FNF:3
FNH:3
FNDA:3,Link
FNDA:1,(anonymous_1)
FNDA:1,(anonymous_2)
DA:3,1
DA:9,3
DA:11,3
DA:12,1
DA:15,3
DA:16,1
DA:19,3
LF:7
LH:7
BRDA:22,0,0,3
BRDA:22,0,1,0
BRF:2
BRH:1
end_of_record
TN:
SF:src\Addition.js
FN:22,sum
FNF:1
FNH:1
FNDA:1,sum
DA:23,1
LF:1
LH:1
BRF:0
BRH:0
end_of_record
TN:
SF:src\App.tsx
FN:21,App
FN:29,(anonymous_1)
FN:31,(anonymous_2)
FN:32,(anonymous_3)
FN:37,(anonymous_4)
FN:41,(anonymous_5)
FN:72,(anonymous_6)
FNF:7
FNH:4
FNDA:2,App
FNDA:1,(anonymous_1)
FNDA:1,(anonymous_2)
FNDA:1,(anonymous_3)
FNDA:0,(anonymous_4)
FNDA:0,(anonymous_5)
FNDA:0,(anonymous_6)
DA:22,2
DA:23,1
DA:29,1
DA:30,1
DA:31,1
DA:32,1
DA:37,1
DA:38,0
DA:41,1
DA:42,0
DA:45,1
DA:73,0
LF:12
LH:9
BRF:0
BRH:0
end_of_record
