TN:
SF:link.js
FN:8,Link
FN:11,(anonymous_1)
FN:15,(anonymous_2)
FNF:3
FNH:3
FNDA:3,Link
FNDA:1,(anonymous_1)
FNDA:1,(anonymous_2)
DA:3,1
DA:9,3
DA:11,3
DA:12,1
DA:15,3
DA:16,1
DA:19,3
LF:7
LH:7
BRDA:22,0,0,3
BRDA:22,0,1,0
BRF:2
BRH:1
end_of_record
TN:
SF:src\Addition.js
FN:1,sum
FNF:1
FNH:1
FNDA:1,sum
DA:2,1
LF:1
LH:1
BRF:0
BRH:0
end_of_record
TN:
SF:src\App.tsx
FN:20,App
FN:28,(anonymous_1)
FN:30,(anonymous_2)
FN:31,(anonymous_3)
FN:36,(anonymous_4)
FN:40,(anonymous_5)
FN:71,(anonymous_6)
FNF:7
FNH:4
FNDA:2,App
FNDA:1,(anonymous_1)
FNDA:1,(anonymous_2)
FNDA:1,(anonymous_3)
FNDA:0,(anonymous_4)
FNDA:0,(anonymous_5)
FNDA:0,(anonymous_6)
DA:21,2
DA:22,1
DA:28,1
DA:29,1
DA:30,1
DA:31,1
DA:36,1
DA:37,0
DA:40,1
DA:41,0
DA:44,1
DA:72,0
LF:12
LH:9
BRF:0
BRH:0
end_of_record
TN:
SF:src\scroll.tsx
FN:7,(anonymous_0)
FNF:1
FNH:1
FNDA:1,(anonymous_0)
DA:7,1
DA:9,1
LF:2
LH:2
BRF:0
BRH:0
end_of_record
TN:
SF:src\searchList.tsx
FN:7,(anonymous_0)
FN:8,(anonymous_1)
FNF:2
FNH:2
FNDA:2,(anonymous_0)
FNDA:3,(anonymous_1)
DA:7,1
DA:8,2
DA:9,3
DA:14,2
LF:4
LH:4
BRF:0
BRH:0
end_of_record
